<?xml version="1.0" encoding="UTF-8"?>
<coverage generated="1517447942467" clover="3.2.0">
  <project timestamp="1517447942467" name="All files">
    <metrics statements="16" coveredstatements="16" conditionals="8" coveredconditionals="8" methods="6" coveredmethods="6" elements="30" coveredelements="30" complexity="0" loc="16" ncloc="16" packages="2" files="2" classes="2">
      <package name="root">
        <metrics statements="6" coveredstatements="6" conditionals="2" coveredconditionals="2" methods="1" coveredmethods="1"/>
        <file name="unknown" path="unknown">
          <metrics statements="6" coveredstatements="6" conditionals="2" coveredconditionals="2" methods="1" coveredmethods="1"/>
          <line num="29" count="4" type="stmt"/>
          <line num="32" count="4" type="stmt"/>
          <line num="41" count="8" type="stmt"/>
          <line num="42" count="5" type="cond" truecount="2" falsecount="0"/>
          <line num="47" count="4" type="stmt"/>
          <line num="48" count="4" type="stmt"/>
        </file>
      </package>
      <package name="root.home.ramon.dev.status-page-pwa.src.components">
        <metrics statements="10" coveredstatements="10" conditionals="6" coveredconditionals="6" methods="5" coveredmethods="5"/>
        <file name="Service.vue" path="/home/ramon/dev/status-page-pwa/src/components/Service.vue">
          <metrics statements="10" coveredstatements="10" conditionals="6" coveredconditionals="6" methods="5" coveredmethods="5"/>
          <line num="28" count="4" type="stmt"/>
          <line num="29" count="4" type="stmt"/>
          <line num="31" count="4" type="stmt"/>
          <line num="32" count="4" type="stmt"/>
          <line num="40" count="5" type="stmt"/>
          <line num="41" count="29" type="stmt"/>
          <line num="42" count="5" type="cond" truecount="2" falsecount="0"/>
          <line num="46" count="48" type="cond" truecount="4" falsecount="0"/>
          <line num="47" count="4" type="stmt"/>
          <line num="48" count="4" type="stmt"/>
        </file>
      </package>
    </metrics>
  </project>
</coverage>
