{"unknown": {"path":"unknown","statementMap":{"0":{"start":{"line":27,"column":4},"end":{"line":27,"column":23}},"1":{"start":{"line":30,"column":4},"end":{"line":32,"column":6}},"2":{"start":{"line":36,"column":6},"end":{"line":38,"column":9}},"3":{"start":{"line":37,"column":8},"end":{"line":37,"column":38}}},"fnMap":{"0":{"name":"(anonymous_0)","decl":{"start":{"line":36,"column":31},"end":{"line":36,"column":32}},"loc":{"start":{"line":36,"column":45},"end":{"line":38,"column":7}},"line":36}},"branchMap":{},"s":{"0":3,"1":3,"2":3,"3":3},"f":{"0":3},"b":{},"_coverageSchema":"332fd63041d2c1bcb487cc26dd0d5f7d97098a6c","hash":"109c1afc4539cace2ab46e528b835f1bf344b1e7"}
,"/home/ramon/dev/status-page-pwa/src/components/Service.vue": {"path":"/home/ramon/dev/status-page-pwa/src/components/Service.vue","statementMap":{"0":{"start":{"line":26,"column":0},"end":{"line":null,"column":-1}},"1":{"start":{"line":27,"column":0},"end":{"line":null,"column":-1}},"2":{"start":{"line":29,"column":0},"end":{"line":null,"column":-1}},"3":{"start":{"line":30,"column":0},"end":{"line":null,"column":-1}},"4":{"start":{"line":35,"column":0},"end":{"line":null,"column":-1}},"5":{"start":{"line":36,"column":0},"end":{"line":38,"column":0}},"6":{"start":{"line":36,"column":0},"end":{"line":null,"column":-1}},"7":{"start":{"line":37,"column":0},"end":{"line":null,"column":-1}}},"fnMap":{"0":{"name":"created","decl":{"start":{"line":26,"column":0},"end":{"line":null,"column":-1}},"loc":{"start":{"line":26,"column":0},"end":{"line":28,"column":0}}},"1":{"name":"data","decl":{"start":{"line":29,"column":0},"end":{"line":null,"column":-1}},"loc":{"start":{"line":29,"column":0},"end":{"line":33,"column":0}}},"2":{"name":"getServices","decl":{"start":{"line":35,"column":0},"end":{"line":null,"column":-1}},"loc":{"start":{"line":35,"column":0},"end":{"line":39,"column":0}}},"3":{"name":"(anonymous_5)","decl":{"start":{"line":36,"column":0},"end":{"line":null,"column":-1}},"loc":{"start":{"line":36,"column":0},"end":{"line":38,"column":0}}}},"branchMap":{},"s":{"0":3,"1":3,"2":3,"3":3,"4":6,"5":3,"6":6,"7":3},"f":{"0":3,"1":3,"2":3,"3":3},"b":{}}
}
