TN:
SF:unknown
FN:41,(anonymous_0)
FNF:1
FNH:1
FNDA:8,(anonymous_0)
DA:29,4
DA:32,4
DA:41,8
DA:42,5
DA:47,4
DA:48,4
LF:6
LH:6
BRDA:42,0,0,4
BRDA:42,0,1,1
BRF:2
BRH:2
end_of_record
TN:
SF:/home/ramon/dev/status-page-pwa/src/components/Service.vue
FN:28,created
FN:31,data
FN:40,services
FN:41,(anonymous_6)
FN:46,getServices
FNF:5
FNH:5
FNDA:4,created
FNDA:4,data
FNDA:5,services
FNDA:8,(anonymous_6)
FNDA:16,getServices
DA:28,4
DA:29,4
DA:31,4
DA:32,4
DA:40,5
DA:41,29
DA:42,5
DA:46,48
DA:47,4
DA:48,4
LF:10
LH:10
BRDA:42,0,0,4
BRDA:42,0,1,1
BRDA:46,1,0,4
BRDA:46,1,1,4
BRDA:46,1,2,4
BRDA:46,1,3,4
BRF:6
BRH:6
end_of_record
